<?xml version="1.0" encoding="UTF-8"?>
<!-- Generated by org.testng.reporters.JUnitXMLReporter -->
<testsuite hostname="LAPTOP-6AIJLEUL" ignored="1" name="test cases 1" tests="6" failures="1" timestamp="14 Feb 2019 16:54:03 GMT" time="0.046" errors="0">
  <testcase name="test1" time="0.008" classname="com.learnautomation.com.learnautomation.selenium.TestNGAnnotationExample"/>
  <testcase name="test6" time="0.001" classname="com.learnautomation.com.learnautomation.selenium.TestNGAnnotationExample"/>
  <testcase name="test3" time="0.001" classname="com.learnautomation.com.learnautomation.selenium.TestNGAnnotationExample"/>
  <testcase name="test4" time="0.002" classname="com.learnautomation.com.learnautomation.selenium.TestNGAnnotationExample">
    <skipped/>
  </testcase> <!-- test4 -->
  <testcase name="test2" time="0.001" classname="com.learnautomation.com.learnautomation.selenium.TestNGAnnotationExample">
    <failure type="java.lang.ArithmeticException" message="/ by zero">
      <![CDATA[java.lang.ArithmeticException: / by zero
at com.learnautomation.com.learnautomation.selenium.TestNGAnnotationExample.test2(TestNGAnnotationExample.java:19)
at java.util.concurrent.ThreadPoolExecutor.runWorker(Unknown Source)
at java.util.concurrent.ThreadPoolExecutor$Worker.run(Unknown Source)
at java.lang.Thread.run(Unknown Source)
... Removed 10 stack frames]]>
    </failure>
  </testcase> <!-- test2 -->
  <testcase name="test7" time="0.001" classname="com.learnautomation.com.learnautomation.selenium.TestNGAnnotationExample"/>
  <testcase name="test5" time="0.0" classname="com.learnautomation.com.learnautomation.selenium.TestNGAnnotationExample">
    <ignored/>
  </testcase> <!-- test5 -->
</testsuite> <!-- test cases 1 -->
