<?xml version="1.0" encoding="UTF-8"?>
<!-- Generated by org.testng.reporters.JUnitReportReporter -->
<testsuite hostname="LAPTOP-6AIJLEUL" failures="0" tests="4" name="com.learnautomation.com.learnautomation.selenium.ExtentReportsClassVersion3" time="0.010" errors="1" timestamp="22 Feb 2019 03:35:44 GMT" skipped="3">
  <testcase classname="com.learnautomation.com.learnautomation.selenium.ExtentReportsClassVersion3" name="skipTest" time="0.000">
    <skipped/>
  </testcase> <!-- skipTest -->
  <testcase classname="com.learnautomation.com.learnautomation.selenium.ExtentReportsClassVersion3" name="passTest" time="0.000">
    <skipped/>
  </testcase> <!-- passTest -->
  <testcase classname="com.learnautomation.com.learnautomation.selenium.ExtentReportsClassVersion3" name="startReport" time="0.010">
    <error message="freemarker/template/TemplateModelException" type="java.lang.NoClassDefFoundError">
      <![CDATA[java.lang.NoClassDefFoundError: freemarker/template/TemplateModelException
at com.learnautomation.com.learnautomation.selenium.ExtentReportsClassVersion3.startReport(ExtentReportsClassVersion3.java:33)
at java.base/jdk.internal.reflect.NativeMethodAccessorImpl.invoke0(Native Method)
at java.base/jdk.internal.reflect.NativeMethodAccessorImpl.invoke(NativeMethodAccessorImpl.java:62)
at java.base/jdk.internal.reflect.DelegatingMethodAccessorImpl.invoke(DelegatingMethodAccessorImpl.java:43)
at java.base/java.lang.reflect.Method.invoke(Method.java:564)
at org.testng.internal.MethodInvocationHelper.invokeMethod(MethodInvocationHelper.java:124)
at org.testng.internal.MethodInvocationHelper.invokeMethodConsideringTimeout(MethodInvocationHelper.java:59)
at org.testng.internal.Invoker.invokeConfigurationMethod(Invoker.java:458)
at org.testng.internal.Invoker.invokeConfigurations(Invoker.java:222)
at org.testng.internal.Invoker.invokeConfigurations(Invoker.java:142)
at org.testng.TestRunner.beforeRun(TestRunner.java:529)
at org.testng.TestRunner.run(TestRunner.java:497)
at org.testng.SuiteRunner.runTest(SuiteRunner.java:455)
at org.testng.SuiteRunner.runSequentially(SuiteRunner.java:450)
at org.testng.SuiteRunner.privateRun(SuiteRunner.java:415)
at org.testng.SuiteRunner.run(SuiteRunner.java:364)
at org.testng.SuiteRunnerWorker.runSuite(SuiteRunnerWorker.java:52)
at org.testng.SuiteRunnerWorker.run(SuiteRunnerWorker.java:84)
at org.testng.TestNG.runSuitesSequentially(TestNG.java:1208)
at org.testng.TestNG.runSuitesLocally(TestNG.java:1137)
at org.testng.TestNG.runSuites(TestNG.java:1049)
at org.testng.TestNG.run(TestNG.java:1017)
at org.testng.remote.AbstractRemoteTestNG.run(AbstractRemoteTestNG.java:114)
at org.testng.remote.RemoteTestNG.initAndRun(RemoteTestNG.java:251)
at org.testng.remote.RemoteTestNG.main(RemoteTestNG.java:77)
Caused by: java.lang.ClassNotFoundException: freemarker.template.TemplateModelException
at java.base/jdk.internal.loader.BuiltinClassLoader.loadClass(BuiltinClassLoader.java:582)
at java.base/jdk.internal.loader.ClassLoaders$AppClassLoader.loadClass(ClassLoaders.java:190)
at java.base/java.lang.ClassLoader.loadClass(ClassLoader.java:499)
... 25 more
]]>
    </error>
  </testcase> <!-- startReport -->
  <testcase classname="com.learnautomation.com.learnautomation.selenium.ExtentReportsClassVersion3" name="failTest" time="0.000">
    <skipped/>
  </testcase> <!-- failTest -->
</testsuite> <!-- com.learnautomation.com.learnautomation.selenium.ExtentReportsClassVersion3 -->
