<?xml version="1.0" encoding="UTF-8"?>
<!-- Generated by org.testng.reporters.JUnitReportReporter -->
<testsuite skipped="1" hostname="LAPTOP-6AIJLEUL" name="com.learnautomation.com.learnautomation.selenium.TestNGAnnotationExample" tests="6" failures="0" timestamp="14 Feb 2019 16:54:04 GMT" time="0.014" errors="1">
  <testcase name="test1" time="0.008" classname="com.learnautomation.com.learnautomation.selenium.TestNGAnnotationExample"/>
  <testcase name="test6" time="0.001" classname="com.learnautomation.com.learnautomation.selenium.TestNGAnnotationExample"/>
  <testcase name="test3" time="0.001" classname="com.learnautomation.com.learnautomation.selenium.TestNGAnnotationExample"/>
  <testcase name="test4" time="0.002" classname="com.learnautomation.com.learnautomation.selenium.TestNGAnnotationExample">
    <skipped/>
  </testcase> <!-- test4 -->
  <testcase name="test2" time="0.001" classname="com.learnautomation.com.learnautomation.selenium.TestNGAnnotationExample">
    <error type="java.lang.ArithmeticException" message="/ by zero">
      <![CDATA[java.lang.ArithmeticException: / by zero
at com.learnautomation.com.learnautomation.selenium.TestNGAnnotationExample.test2(TestNGAnnotationExample.java:19)
at sun.reflect.NativeMethodAccessorImpl.invoke0(Native Method)
at sun.reflect.NativeMethodAccessorImpl.invoke(Unknown Source)
at sun.reflect.DelegatingMethodAccessorImpl.invoke(Unknown Source)
at java.lang.reflect.Method.invoke(Unknown Source)
at org.testng.internal.MethodInvocationHelper.invokeMethod(MethodInvocationHelper.java:124)
at org.testng.internal.Invoker.invokeMethod(Invoker.java:583)
at org.testng.internal.Invoker.invokeTestMethod(Invoker.java:719)
at org.testng.internal.Invoker.invokeTestMethods(Invoker.java:989)
at org.testng.internal.TestMethodWorker.invokeTestMethods(TestMethodWorker.java:125)
at org.testng.internal.TestMethodWorker.run(TestMethodWorker.java:109)
at java.util.concurrent.ThreadPoolExecutor.runWorker(Unknown Source)
at java.util.concurrent.ThreadPoolExecutor$Worker.run(Unknown Source)
at java.lang.Thread.run(Unknown Source)
]]>
    </error>
  </testcase> <!-- test2 -->
  <testcase name="test7" time="0.001" classname="com.learnautomation.com.learnautomation.selenium.TestNGAnnotationExample"/>
</testsuite> <!-- com.learnautomation.com.learnautomation.selenium.TestNGAnnotationExample -->
